0 info it worked if it ends with ok
1 verbose cli [ 'C:\\Program Files (x86)\\nodejs\\node.exe',
1 verbose cli   'C:\\Program Files (x86)\\nodejs\\node_modules\\npm\\bin\\npm-cli.js',
1 verbose cli   'install',
1 verbose cli   'ionic-ratings',
1 verbose cli   '--save' ]
2 info using npm@2.14.7
3 info using node@v4.2.2
4 verbose install initial load of G:\mpf\package.json
5 warn package.json mpf@1.1.1 No repository field.
6 warn package.json mpf@1.1.1 No README data
7 warn package.json mpf@1.1.1 No license field.
8 verbose installManyTop reading scoped package data from G:\mpf\node_modules\ionic\package.json
9 verbose installManyTop reading scoped package data from G:\mpf\node_modules\ratings\package.json
10 verbose readDependencies loading dependencies from G:\mpf\package.json
11 silly cache add args [ 'ionic-ratings', null ]
12 verbose cache add spec ionic-ratings
13 silly cache add parsed spec Result {
13 silly cache add   raw: 'ionic-ratings',
13 silly cache add   scope: null,
13 silly cache add   name: 'ionic-ratings',
13 silly cache add   rawSpec: '',
13 silly cache add   spec: '*',
13 silly cache add   type: 'range' }
14 silly addNamed ionic-ratings@*
15 verbose addNamed "*" is a valid semver range for ionic-ratings
16 silly addNameRange { name: 'ionic-ratings', range: '*', hasData: false }
17 silly mapToRegistry name ionic-ratings
18 silly mapToRegistry using default registry
19 silly mapToRegistry registry https://registry.npmjs.org/
20 silly mapToRegistry uri https://registry.npmjs.org/ionic-ratings
21 verbose addNameRange registry:https://registry.npmjs.org/ionic-ratings not in flight; fetching
22 verbose request uri https://registry.npmjs.org/ionic-ratings
23 verbose request no auth needed
24 info attempt registry request try #1 at 08:06:24
25 verbose request id 342db14cf1452ac2
26 http request GET https://registry.npmjs.org/ionic-ratings
27 http 404 https://registry.npmjs.org/ionic-ratings
28 verbose headers { server: 'CouchDB/1.5.0 (Erlang OTP/R16B03)',
28 verbose headers   etag: '"8JUNQ7GVNZXDXCHLBODX8RSY6"',
28 verbose headers   'content-type': 'application/json',
28 verbose headers   'cache-control': 'max-age=0',
28 verbose headers   'content-length': '437',
28 verbose headers   'accept-ranges': 'bytes',
28 verbose headers   date: 'Fri, 11 Mar 2016 00:06:25 GMT',
28 verbose headers   via: '1.1 varnish',
28 verbose headers   age: '0',
28 verbose headers   connection: 'keep-alive',
28 verbose headers   'x-served-by': 'cache-sin6922-SIN',
28 verbose headers   'x-cache': 'MISS',
28 verbose headers   'x-cache-hits': '0',
28 verbose headers   'x-timer': 'S1457654785.392946,VS0,VE256',
28 verbose headers   vary: 'Accept' }
29 silly get cb [ 404,
29 silly get   { server: 'CouchDB/1.5.0 (Erlang OTP/R16B03)',
29 silly get     etag: '"8JUNQ7GVNZXDXCHLBODX8RSY6"',
29 silly get     'content-type': 'application/json',
29 silly get     'cache-control': 'max-age=0',
29 silly get     'content-length': '437',
29 silly get     'accept-ranges': 'bytes',
29 silly get     date: 'Fri, 11 Mar 2016 00:06:25 GMT',
29 silly get     via: '1.1 varnish',
29 silly get     age: '0',
29 silly get     connection: 'keep-alive',
29 silly get     'x-served-by': 'cache-sin6922-SIN',
29 silly get     'x-cache': 'MISS',
29 silly get     'x-cache-hits': '0',
29 silly get     'x-timer': 'S1457654785.392946,VS0,VE256',
29 silly get     vary: 'Accept' } ]
30 verbose stack Error: Registry returned 404 for GET on https://registry.npmjs.org/ionic-ratings
30 verbose stack     at makeError (C:\Program Files (x86)\nodejs\node_modules\npm\node_modules\npm-registry-client\lib\request.js:264:12)
30 verbose stack     at CachingRegistryClient.<anonymous> (C:\Program Files (x86)\nodejs\node_modules\npm\node_modules\npm-registry-client\lib\request.js:242:14)
30 verbose stack     at Request._callback (C:\Program Files (x86)\nodejs\node_modules\npm\node_modules\npm-registry-client\lib\request.js:172:14)
30 verbose stack     at Request.self.callback (C:\Program Files (x86)\nodejs\node_modules\npm\node_modules\request\request.js:198:22)
30 verbose stack     at emitTwo (events.js:87:13)
30 verbose stack     at Request.emit (events.js:172:7)
30 verbose stack     at Request.<anonymous> (C:\Program Files (x86)\nodejs\node_modules\npm\node_modules\request\request.js:1063:14)
30 verbose stack     at emitOne (events.js:82:20)
30 verbose stack     at Request.emit (events.js:169:7)
30 verbose stack     at IncomingMessage.<anonymous> (C:\Program Files (x86)\nodejs\node_modules\npm\node_modules\request\request.js:1009:12)
31 verbose statusCode 404
32 verbose pkgid ionic-ratings
33 verbose cwd G:\mpf
34 error Windows_NT 6.1.7601
35 error argv "C:\\Program Files (x86)\\nodejs\\node.exe" "C:\\Program Files (x86)\\nodejs\\node_modules\\npm\\bin\\npm-cli.js" "install" "ionic-ratings" "--save"
36 error node v4.2.2
37 error npm  v2.14.7
38 error code E404
39 error 404 Registry returned 404 for GET on https://registry.npmjs.org/ionic-ratings
39 error 404
39 error 404 'ionic-ratings' is not in the npm registry.
39 error 404 You should bug the author to publish it (or use the name yourself!)
39 error 404 It was specified as a dependency of 'mpf'
39 error 404
39 error 404 Note that you can also install from a
39 error 404 tarball, folder, http url, or git url.
40 verbose exit [ 1, true ]
